<?xml version="1.0" encoding="UTF-8"?>
<testsuite xmlns:xsi="http://www.w3.org/2001/XMLSchema-instance" xsi:noNamespaceSchemaLocation="https://maven.apache.org/surefire/maven-surefire-plugin/xsd/surefire-test-report.xsd" name="org.apache.maven.shared.project.utils.ScmUtilsTest" time="0.92" tests="8" errors="0" skipped="0" failures="0">
  <properties>
[...]
</properties>
  <testcase name="resolveScmConnectionByParent" classname="org.apache.maven.shared.project.utils.ScmUtilsTest" time="0.912"/>
  <testcase name="getScmConnectionByModel" classname="org.apache.maven.shared.project.utils.ScmUtilsTest" time="0"/>
  <testcase name="getScmDeveloperConnectionByMavenProject" classname="org.apache.maven.shared.project.utils.ScmUtilsTest" time="0"/>
  <testcase name="getScmConnectionByMavenProject" classname="org.apache.maven.shared.project.utils.ScmUtilsTest" time="0"/>
  <testcase name="resolveScmConnection" classname="org.apache.maven.shared.project.utils.ScmUtilsTest" time="0"/>
  <testcase name="getScmDeveloperConnectionByModel" classname="org.apache.maven.shared.project.utils.ScmUtilsTest" time="0"/>
  <testcase name="resolveScmDeveloperConnectionByParent" classname="org.apache.maven.shared.project.utils.ScmUtilsTest" time="0.006"/>
  <testcase name="resolveScmDeveloperConnection" classname="org.apache.maven.shared.project.utils.ScmUtilsTest" time="0"/>
</testsuite>